<?xml version="1.0" encoding="UTF-8"?>
<testng-results ignored="0" total="1" passed="1" failed="0" skipped="0">
  <reporter-output>
  </reporter-output>
  <suite started-at="2025-10-24T18:11:34 IST" name="Default suite" finished-at="2025-10-24T18:11:58 IST" duration-ms="23580">
    <groups>
    </groups>
    <test started-at="2025-10-24T18:11:34 IST" name="Default test" finished-at="2025-10-24T18:11:58 IST" duration-ms="23580">
      <class name="Day16.LoginTest">
        <test-method is-config="true" signature="Setup()[pri:0, instance:Day16.LoginTest@47af7f3d]" started-at="2025-10-24T18:11:34 IST" name="Setup" finished-at="2025-10-24T18:11:52 IST" duration-ms="17935" status="PASS">
          <reporter-output>
          </reporter-output>
        </test-method> <!-- Setup -->
        <test-method signature="TestLogin()[pri:0, instance:Day16.LoginTest@47af7f3d]" started-at="2025-10-24T18:11:52 IST" name="TestLogin" finished-at="2025-10-24T18:11:55 IST" duration-ms="2926" status="PASS">
          <reporter-output>
          </reporter-output>
        </test-method> <!-- TestLogin -->
        <test-method is-config="true" signature="TearDown()[pri:0, instance:Day16.LoginTest@47af7f3d]" started-at="2025-10-24T18:11:55 IST" name="TearDown" finished-at="2025-10-24T18:11:58 IST" duration-ms="2611" status="PASS">
          <reporter-output>
          </reporter-output>
        </test-method> <!-- TearDown -->
      </class> <!-- Day16.LoginTest -->
    </test> <!-- Default test -->
  </suite> <!-- Default suite -->
</testng-results>
