<?xml version="1.0" encoding="UTF-8"?>
<!-- Generated by org.testng.reporters.JUnitXMLReporter -->
<testsuite ignored="0" hostname="Praful" failures="0" tests="8" name="Surefire test" time="12.216" errors="0" timestamp="2025-10-09T22:49:29 IST">
  <testcase classname="Day14.ParallTest" name="@BeforeClass Setup" time="-1.760030357864E9">
    <failure type="org.testng.TestNGException" message="
Parameter &amp;apos;browser&amp;apos; is required by BeforeClass on method Setup but has not been marked @Optional or defined
">
      <![CDATA[org.testng.TestNGException: 
Parameter 'browser' is required by BeforeClass on method Setup but has not been marked @Optional or defined

at java.base/java.util.ArrayList.forEach(ArrayList.java:1604)
... Removed 27 stack frames]]>
    </failure>
  </testcase> <!-- @BeforeClass Setup -->
  <testcase classname="Day13.FirdtTestCase" name="openapp" time="0.009"/>
  <testcase classname="Day13.FirdtTestCase" name="loginapp" time="0.002"/>
  <testcase classname="Day13.FirdtTestCase" name="logout" time="0.001"/>
  <testcase classname="Day14.ParallTest" name="TestLogo" time="0.001">
    <skipped/>
  </testcase> <!-- TestLogo -->
  <testcase classname="Day14.ParallTest" name="TestTitle" time="0.0">
    <skipped/>
  </testcase> <!-- TestTitle -->
  <testcase classname="Day14.ParallTest" name="TestURL" time="0.0">
    <skipped/>
  </testcase> <!-- TestURL -->
  <testcase classname="Day14.ParallTest" name="TearDown" time="0.0">
    <skipped/>
  </testcase> <!-- TearDown -->
  <testcase classname="Day16.LoginTest" name="TestLogin" time="2.322"/>
</testsuite> <!-- Surefire test -->
