<?xml version="1.0" encoding="UTF-8"?>
<!-- Generated by org.testng.reporters.JUnitXMLReporter -->
<testsuite ignored="0" hostname="DESKTOP-TF154N8" failures="0" tests="4" name="EdgeTest" time="0.387" errors="0" timestamp="2025-08-03T00:06:54 IST">
  <testcase classname="Day14.ParallTest" name="TestLogo" time="0.0">
    <skipped/>
  </testcase> <!-- TestLogo -->
  <testcase classname="Day14.ParallTest" name="TestTitle" time="0.0">
    <skipped/>
  </testcase> <!-- TestTitle -->
  <testcase classname="Day14.ParallTest" name="TestURL" time="0.0">
    <skipped/>
  </testcase> <!-- TestURL -->
  <testcase classname="Day14.ParallTest" name="TearDown" time="0.0">
    <skipped/>
  </testcase> <!-- TearDown -->
</testsuite> <!-- EdgeTest -->
