<?xml version="1.0" encoding="UTF-8"?>
<!-- Generated by org.testng.reporters.JUnitReportReporter -->
<testsuite hostname="DESKTOP-TF154N8" failures="0" tests="3" name="Day13.FirdtTestCase" time="0.019" errors="0" timestamp="2025-07-30T11:45:18 IST" skipped="0">
  <testcase classname="Day13.FirdtTestCase" name="openapp" time="0.014"/>
  <testcase classname="Day13.FirdtTestCase" name="loginapp" time="0.003"/>
  <testcase classname="Day13.FirdtTestCase" name="logout" time="0.002"/>
</testsuite> <!-- Day13.FirdtTestCase -->
