<?xml version="1.0" encoding="UTF-8"?>
<!-- Generated by org.testng.reporters.JUnitXMLReporter -->
<testsuite ignored="0" hostname="DESKTOP-TF154N8" failures="0" tests="1" name="Surefire test" time="0.07" errors="0" timestamp="2025-08-18T18:05:35 IST">
  <testcase classname="TestBase.BaseClass" name="@BeforeClass Setup" time="-1.755520535925E9">
    <failure type="org.testng.TestNGException" message="
Parameter &amp;apos;os&amp;apos; is required by BeforeClass on method Setup but has not been marked @Optional or defined
">
      <![CDATA[org.testng.TestNGException: 
Parameter 'os' is required by BeforeClass on method Setup but has not been marked @Optional or defined

at java.base/java.util.ArrayList.forEach(ArrayList.java:1596)
... Removed 27 stack frames]]>
    </failure>
  </testcase> <!-- @BeforeClass Setup -->
  <testcase classname="TestBase.BaseClass" name="@AfterClass TearDown" time="0.0">
    <skipped/>
  </testcase> <!-- @AfterClass TearDown -->
  <testcase classname="TestCases.TC001_RegistrationPageTest" name="verify_account_Registratioin" time="0.0">
    <skipped/>
  </testcase> <!-- verify_account_Registratioin -->
</testsuite> <!-- Surefire test -->
