<?xml version="1.0" encoding="UTF-8"?>
<!-- Generated by org.testng.reporters.JUnitReportReporter -->
<testsuite hostname="Praful" failures="0" tests="3" name="Day13.FirdtTestCase" time="0.012" errors="0" timestamp="2025-10-09T22:49:30 IST" skipped="0">
  <testcase classname="Day13.FirdtTestCase" name="openapp" time="0.009"/>
  <testcase classname="Day13.FirdtTestCase" name="loginapp" time="0.002"/>
  <testcase classname="Day13.FirdtTestCase" name="logout" time="0.001"/>
</testsuite> <!-- Day13.FirdtTestCase -->
