<?xml version="1.0" encoding="UTF-8"?>
<!-- Generated by org.testng.reporters.JUnitXMLReporter -->
<testsuite ignored="0" hostname="DESKTOP-TF154N8" failures="1" tests="2" name="Test" time="18.901" errors="0" timestamp="2025-09-22T14:27:36 IST">
  <testcase classname="TestCases.TC001_AccountRegistrationTest" name="Verify_acc_Registration" time="2.036"/>
  <testcase classname="TestCases.TC002_LoginTest" name="verify_login" time="11.94">
    <failure type="java.lang.AssertionError" message="expected [true] but found [false]">
      <![CDATA[java.lang.AssertionError: expected [true] but found [false]
at TestCases.TC002_LoginTest.verify_login(TC002_LoginTest.java:34)
at java.base/java.util.ArrayList.forEach(ArrayList.java:1604)
... Removed 29 stack frames]]>
    </failure>
  </testcase> <!-- verify_login -->
</testsuite> <!-- Test -->
