<?xml version="1.0" encoding="UTF-8"?>
<!-- Generated by org.testng.reporters.JUnitXMLReporter -->
<testsuite ignored="1" hostname="DESKTOP-TF154N8" failures="0" tests="2" name="Test" time="25.539" errors="0" timestamp="2025-09-22T18:10:53 IST">
  <testcase classname="TestCases.TC001_AccountRegistrationTest" name="Verify_acc_Registration" time="2.171"/>
  <testcase classname="TestCases.TC002_LoginTest" name="verify_login" time="12.166"/>
  <testcase classname="TestCases.TC003_LoginDDT" name="verify_loginDDT" time="0.0">
    <ignored/>
  </testcase> <!-- verify_loginDDT -->
</testsuite> <!-- Test -->
